<?xml version="1.0" encoding="UTF-8"?>
<testng-results skipped="0" failed="0" ignored="0" total="1" passed="1">
  <reporter-output>
  </reporter-output>
  <suite name="Default suite" duration-ms="31902" started-at="2020-10-07T19:09:43 IST" finished-at="2020-10-07T19:10:15 IST">
    <groups>
    </groups>
    <test name="Default test" duration-ms="31902" started-at="2020-10-07T19:09:43 IST" finished-at="2020-10-07T19:10:15 IST">
      <class name="appiumActivities.CalcExample">
        <test-method status="PASS" signature="beforeClass()[pri:0, instance:appiumActivities.CalcExample@1d8d30f7]" name="beforeClass" is-config="true" duration-ms="15579" started-at="2020-10-07T19:09:43 IST" finished-at="2020-10-07T19:09:59 IST">
          <reporter-output>
          </reporter-output>
        </test-method> <!-- beforeClass -->
        <test-method status="PASS" signature="multiply()[pri:0, instance:appiumActivities.CalcExample@1d8d30f7]" name="multiply" duration-ms="15424" started-at="2020-10-07T19:09:59 IST" finished-at="2020-10-07T19:10:14 IST">
          <reporter-output>
          </reporter-output>
        </test-method> <!-- multiply -->
        <test-method status="PASS" signature="afterClass()[pri:0, instance:appiumActivities.CalcExample@1d8d30f7]" name="afterClass" is-config="true" duration-ms="795" started-at="2020-10-07T19:10:14 IST" finished-at="2020-10-07T19:10:15 IST">
          <reporter-output>
          </reporter-output>
        </test-method> <!-- afterClass -->
      </class> <!-- appiumActivities.CalcExample -->
    </test> <!-- Default test -->
  </suite> <!-- Default suite -->
</testng-results>
